[20-Jul-2024 20:35:06 UTC] PHP Warning:  mysqli_real_connect(): (HY000/2002): Nenhuma conexão pôde ser feita porque a máquina de destino as recusou ativamente in C:\Users\tyara\Local Sites\uniprime\app\public\wp-includes\class-wpdb.php on line 1987
[29-Jul-2024 19:01:00 UTC] PHP Warning:  mysqli_real_connect(): (HY000/2002): Nenhuma conexão pôde ser feita porque a máquina de destino as recusou ativamente in C:\Users\tyara\Local Sites\uniprime\app\public\wp-includes\class-wpdb.php on line 1987
[09-Aug-2024 10:32:19 UTC] PHP Warning:  Ocorreu um erro inesperado. Algo pode estar errado com o WordPress.org ou com a configuração deste servidor. Se os problemas persistirem, busque ajuda no <a href="https://br.wordpress.org/support/forums/">fórum de suporte</a>. (O WordPress não conseguiu estabelecer uma conexão segura com o WordPress.org. Contate o administrador do servidor.) in C:\Users\tyara\Local Sites\uniprime\app\public\wp-includes\update.php on line 211
[09-Aug-2024 10:32:19 UTC] PHP Warning:  Ocorreu um erro inesperado. Algo pode estar errado com o WordPress.org ou com a configuração deste servidor. Se os problemas persistirem, busque ajuda no <a href="https://br.wordpress.org/support/forums/">fórum de suporte</a>. (O WordPress não conseguiu estabelecer uma conexão segura com o WordPress.org. Contate o administrador do servidor.) in C:\Users\tyara\Local Sites\uniprime\app\public\wp-includes\update.php on line 449
[09-Aug-2024 10:32:19 UTC] PHP Warning:  Ocorreu um erro inesperado. Algo pode estar errado com o WordPress.org ou com a configuração deste servidor. Se os problemas persistirem, busque ajuda no <a href="https://br.wordpress.org/support/forums/">fórum de suporte</a>. (O WordPress não conseguiu estabelecer uma conexão segura com o WordPress.org. Contate o administrador do servidor.) in C:\Users\tyara\Local Sites\uniprime\app\public\wp-includes\update.php on line 730
[09-Aug-2024 20:07:31 UTC] PHP Parse error:  syntax error, unexpected token "if" in C:\Users\tyara\Local Sites\uniprime\app\public\wp-content\themes\uniprime\functions.php on line 1245
[09-Aug-2024 20:07:31 UTC] PHP Parse error:  syntax error, unexpected token "if" in C:\Users\tyara\Local Sites\uniprime\app\public\wp-content\themes\uniprime\functions.php on line 1245
[10-Aug-2024 04:56:22 UTC] PHP Fatal error:  Uncaught TypeError: count(): Argument #1 ($value) must be of type Countable|array, null given in C:\Users\tyara\Local Sites\uniprime\app\public\wp-admin\includes\class-wp-list-table.php:655
Stack trace:
#0 C:\Users\tyara\Local Sites\uniprime\app\public\wp-admin\includes\class-wp-ms-sites-list-table.php(859): WP_List_Table->row_actions(NULL)
#1 C:\Users\tyara\Local Sites\uniprime\app\public\wp-admin\includes\class-wp-list-table.php(1795): WP_MS_Sites_List_Table->handle_row_actions(Array, 'blogname', 'blogname')
#2 C:\Users\tyara\Local Sites\uniprime\app\public\wp-admin\includes\class-wp-ms-sites-list-table.php(630): WP_List_Table->single_row_columns(Array)
#3 C:\Users\tyara\Local Sites\uniprime\app\public\wp-admin\includes\class-wp-list-table.php(1709): WP_MS_Sites_List_Table->display_rows()
#4 C:\Users\tyara\Local Sites\uniprime\app\public\wp-admin\includes\class-wp-list-table.php(1636): WP_List_Table->display_rows_or_placeholder()
#5 C:\Users\tyara\Local Sites\uniprime\app\public\wp-admin\network\sites.php(408): WP_List_Table->display()
#6 {main}
  thrown in C:\Users\tyara\Local Sites\uniprime\app\public\wp-admin\includes\class-wp-list-table.php on line 655
[10-Aug-2024 04:56:33 UTC] PHP Fatal error:  Uncaught TypeError: count(): Argument #1 ($value) must be of type Countable|array, null given in C:\Users\tyara\Local Sites\uniprime\app\public\wp-admin\includes\class-wp-list-table.php:655
Stack trace:
#0 C:\Users\tyara\Local Sites\uniprime\app\public\wp-admin\includes\class-wp-ms-sites-list-table.php(859): WP_List_Table->row_actions(NULL)
#1 C:\Users\tyara\Local Sites\uniprime\app\public\wp-admin\includes\class-wp-list-table.php(1795): WP_MS_Sites_List_Table->handle_row_actions(Array, 'blogname', 'blogname')
#2 C:\Users\tyara\Local Sites\uniprime\app\public\wp-admin\includes\class-wp-ms-sites-list-table.php(630): WP_List_Table->single_row_columns(Array)
#3 C:\Users\tyara\Local Sites\uniprime\app\public\wp-admin\includes\class-wp-list-table.php(1709): WP_MS_Sites_List_Table->display_rows()
#4 C:\Users\tyara\Local Sites\uniprime\app\public\wp-admin\includes\class-wp-list-table.php(1636): WP_List_Table->display_rows_or_placeholder()
#5 C:\Users\tyara\Local Sites\uniprime\app\public\wp-admin\network\sites.php(408): WP_List_Table->display()
#6 {main}
  thrown in C:\Users\tyara\Local Sites\uniprime\app\public\wp-admin\includes\class-wp-list-table.php on line 655
[10-Aug-2024 05:18:03 UTC] PHP Warning:  Undefined array key 1 in C:\Users\tyara\Local Sites\uniprime\app\public\wp-content\themes\uniprime\functions.php on line 1291
[10-Aug-2024 05:32:32 UTC] PHP Parse error:  syntax error, unexpected token "else", expecting end of file in C:\Users\tyara\Local Sites\uniprime\app\public\wp-content\plugins\site-cloner\site-cloner.php on line 251
[10-Aug-2024 05:39:24 UTC] PHP Warning:  Undefined array key 0 in C:\Users\tyara\Local Sites\uniprime\app\public\wp-includes\class-wp-query.php on line 3643
[10-Aug-2024 05:39:31 UTC] PHP Warning:  Undefined array key 0 in C:\Users\tyara\Local Sites\uniprime\app\public\wp-includes\class-wp-query.php on line 3643
[12-Aug-2024 00:44:48 UTC] PHP Warning:  Undefined array key 0 in C:\Users\tyara\Local Sites\uniprime\app\public\wp-includes\class-wp-query.php on line 3643
[12-Aug-2024 00:45:01 UTC] PHP Warning:  Undefined array key 0 in C:\Users\tyara\Local Sites\uniprime\app\public\wp-includes\class-wp-query.php on line 3643
[12-Aug-2024 00:45:06 UTC] PHP Warning:  Undefined array key 0 in C:\Users\tyara\Local Sites\uniprime\app\public\wp-includes\class-wp-query.php on line 3643
[12-Aug-2024 03:42:29 UTC] PHP Warning:  Attempt to read property "title" on null in C:\Users\tyara\Local Sites\uniprime\app\public\wp-includes\class-wp-customize-widgets.php on line 905
[12-Aug-2024 03:51:39 UTC] PHP Warning:  Attempt to read property "title" on null in C:\Users\tyara\Local Sites\uniprime\app\public\wp-includes\class-wp-customize-widgets.php on line 905
[12-Aug-2024 03:51:53 UTC] PHP Warning:  Attempt to read property "title" on null in C:\Users\tyara\Local Sites\uniprime\app\public\wp-includes\class-wp-customize-widgets.php on line 905
[12-Aug-2024 04:57:21 UTC] PHP Warning:  Attempt to read property "title" on null in C:\Users\tyara\Local Sites\uniprime\app\public\wp-includes\class-wp-customize-widgets.php on line 905
[12-Aug-2024 17:30:31 UTC] PHP Fatal error:  Uncaught TypeError: Cannot access offset of type string on string in C:\Users\tyara\Local Sites\uniprime\app\public\wp-content\themes\uniprime\blocks\text-image.php:84
Stack trace:
#0 C:\Users\tyara\Local Sites\uniprime\app\public\wp-content\plugins\advanced-custom-fields-pro\pro\blocks.php(678): include()
#1 C:\Users\tyara\Local Sites\uniprime\app\public\wp-includes\class-wp-hook.php(324): acf_block_render_template(Array, '', true, 62, NULL, Array)
#2 C:\Users\tyara\Local Sites\uniprime\app\public\wp-includes\class-wp-hook.php(348): WP_Hook->apply_filters('', Array)
#3 C:\Users\tyara\Local Sites\uniprime\app\public\wp-includes\plugin.php(517): WP_Hook->do_action(Array)
#4 C:\Users\tyara\Local Sites\uniprime\app\public\wp-content\plugins\advanced-custom-fields-pro\pro\blocks.php(652): do_action('acf_block_rende...', Array, '', true, 62, NULL, Array)
#5 C:\Users\tyara\Local Sites\uniprime\app\public\wp-content\plugins\advanced-custom-fields-pro\pro\blocks.php(569): acf_render_block(Array, '', true, 62, NULL, Array)
#6 C:\Users\tyara\Local Sites\uniprime\app\public\wp-content\plugins\advanced-custom-fields-pro\pro\blocks.php(919): acf_rendered_block(Array, '', true, 62, NULL, Array)
#7 C:\Users\tyara\Local Sites\uniprime\app\public\wp-includes\class-wp-hook.php(324): acf_ajax_fetch_block('')
#8 C:\Users\tyara\Local Sites\uniprime\app\public\wp-includes\class-wp-hook.php(348): WP_Hook->apply_filters('', Array)
#9 C:\Users\tyara\Local Sites\uniprime\app\public\wp-includes\plugin.php(517): WP_Hook->do_action(Array)
#10 C:\Users\tyara\Local Sites\uniprime\app\public\wp-admin\admin-ajax.php(188): do_action('wp_ajax_acf/aja...')
#11 {main}
  thrown in C:\Users\tyara\Local Sites\uniprime\app\public\wp-content\themes\uniprime\blocks\text-image.php on line 84
[12-Aug-2024 17:30:32 UTC] PHP Fatal error:  Uncaught TypeError: Cannot access offset of type string on string in C:\Users\tyara\Local Sites\uniprime\app\public\wp-content\themes\uniprime\blocks\text-image.php:84
Stack trace:
#0 C:\Users\tyara\Local Sites\uniprime\app\public\wp-content\plugins\advanced-custom-fields-pro\pro\blocks.php(678): include()
#1 C:\Users\tyara\Local Sites\uniprime\app\public\wp-includes\class-wp-hook.php(324): acf_block_render_template(Array, '', true, 62, NULL, Array)
#2 C:\Users\tyara\Local Sites\uniprime\app\public\wp-includes\class-wp-hook.php(348): WP_Hook->apply_filters('', Array)
#3 C:\Users\tyara\Local Sites\uniprime\app\public\wp-includes\plugin.php(517): WP_Hook->do_action(Array)
#4 C:\Users\tyara\Local Sites\uniprime\app\public\wp-content\plugins\advanced-custom-fields-pro\pro\blocks.php(652): do_action('acf_block_rende...', Array, '', true, 62, NULL, Array)
#5 C:\Users\tyara\Local Sites\uniprime\app\public\wp-content\plugins\advanced-custom-fields-pro\pro\blocks.php(569): acf_render_block(Array, '', true, 62, NULL, Array)
#6 C:\Users\tyara\Local Sites\uniprime\app\public\wp-content\plugins\advanced-custom-fields-pro\pro\blocks.php(919): acf_rendered_block(Array, '', true, 62, NULL, Array)
#7 C:\Users\tyara\Local Sites\uniprime\app\public\wp-includes\class-wp-hook.php(324): acf_ajax_fetch_block('')
#8 C:\Users\tyara\Local Sites\uniprime\app\public\wp-includes\class-wp-hook.php(348): WP_Hook->apply_filters('', Array)
#9 C:\Users\tyara\Local Sites\uniprime\app\public\wp-includes\plugin.php(517): WP_Hook->do_action(Array)
#10 C:\Users\tyara\Local Sites\uniprime\app\public\wp-admin\admin-ajax.php(188): do_action('wp_ajax_acf/aja...')
#11 {main}
  thrown in C:\Users\tyara\Local Sites\uniprime\app\public\wp-content\themes\uniprime\blocks\text-image.php on line 84
[12-Aug-2024 17:37:23 UTC] PHP Fatal error:  Uncaught TypeError: Cannot access offset of type string on string in C:\Users\tyara\Local Sites\uniprime\app\public\wp-content\themes\uniprime\blocks\bloco-beneficios.php:120
Stack trace:
#0 C:\Users\tyara\Local Sites\uniprime\app\public\wp-content\plugins\advanced-custom-fields-pro\pro\blocks.php(678): include()
#1 C:\Users\tyara\Local Sites\uniprime\app\public\wp-includes\class-wp-hook.php(324): acf_block_render_template(Array, '', true, 62, NULL, Array)
#2 C:\Users\tyara\Local Sites\uniprime\app\public\wp-includes\class-wp-hook.php(348): WP_Hook->apply_filters('', Array)
#3 C:\Users\tyara\Local Sites\uniprime\app\public\wp-includes\plugin.php(517): WP_Hook->do_action(Array)
#4 C:\Users\tyara\Local Sites\uniprime\app\public\wp-content\plugins\advanced-custom-fields-pro\pro\blocks.php(652): do_action('acf_block_rende...', Array, '', true, 62, NULL, Array)
#5 C:\Users\tyara\Local Sites\uniprime\app\public\wp-content\plugins\advanced-custom-fields-pro\pro\blocks.php(569): acf_render_block(Array, '', true, 62, NULL, Array)
#6 C:\Users\tyara\Local Sites\uniprime\app\public\wp-content\plugins\advanced-custom-fields-pro\pro\blocks.php(919): acf_rendered_block(Array, '', true, 62, NULL, Array)
#7 C:\Users\tyara\Local Sites\uniprime\app\public\wp-includes\class-wp-hook.php(324): acf_ajax_fetch_block('')
#8 C:\Users\tyara\Local Sites\uniprime\app\public\wp-includes\class-wp-hook.php(348): WP_Hook->apply_filters('', Array)
#9 C:\Users\tyara\Local Sites\uniprime\app\public\wp-includes\plugin.php(517): WP_Hook->do_action(Array)
#10 C:\Users\tyara\Local Sites\uniprime\app\public\wp-admin\admin-ajax.php(188): do_action('wp_ajax_acf/aja...')
#11 {main}
  thrown in C:\Users\tyara\Local Sites\uniprime\app\public\wp-content\themes\uniprime\blocks\bloco-beneficios.php on line 120
[13-Aug-2024 01:36:34 UTC] PHP Warning:  Attempt to read property "ID" on string in C:\Users\tyara\Local Sites\uniprime\app\public\wp-content\themes\uniprime\single-relatorio.php on line 51
[13-Aug-2024 01:36:34 UTC] PHP Warning:  Attempt to read property "ID" on string in C:\Users\tyara\Local Sites\uniprime\app\public\wp-content\themes\uniprime\single-relatorio.php on line 51
[13-Aug-2024 01:36:34 UTC] PHP Warning:  Attempt to read property "post_title" on string in C:\Users\tyara\Local Sites\uniprime\app\public\wp-content\themes\uniprime\single-relatorio.php on line 51
[13-Aug-2024 01:37:49 UTC] PHP Warning:  Attempt to read property "ID" on string in C:\Users\tyara\Local Sites\uniprime\app\public\wp-content\themes\uniprime\single-relatorio.php on line 51
[13-Aug-2024 01:37:49 UTC] PHP Warning:  Attempt to read property "ID" on string in C:\Users\tyara\Local Sites\uniprime\app\public\wp-content\themes\uniprime\single-relatorio.php on line 51
[13-Aug-2024 01:37:49 UTC] PHP Warning:  Attempt to read property "post_title" on string in C:\Users\tyara\Local Sites\uniprime\app\public\wp-content\themes\uniprime\single-relatorio.php on line 51
[13-Aug-2024 01:45:54 UTC] PHP Warning:  Attempt to read property "ID" on string in C:\Users\tyara\Local Sites\uniprime\app\public\wp-content\themes\uniprime\single-relatorio.php on line 51
[13-Aug-2024 01:45:54 UTC] PHP Warning:  Attempt to read property "ID" on string in C:\Users\tyara\Local Sites\uniprime\app\public\wp-content\themes\uniprime\single-relatorio.php on line 51
[13-Aug-2024 01:45:54 UTC] PHP Warning:  Attempt to read property "post_title" on string in C:\Users\tyara\Local Sites\uniprime\app\public\wp-content\themes\uniprime\single-relatorio.php on line 51
[13-Aug-2024 01:46:59 UTC] PHP Warning:  Attempt to read property "ID" on string in C:\Users\tyara\Local Sites\uniprime\app\public\wp-content\themes\uniprime\single-relatorio.php on line 51
[13-Aug-2024 01:46:59 UTC] PHP Warning:  Attempt to read property "ID" on string in C:\Users\tyara\Local Sites\uniprime\app\public\wp-content\themes\uniprime\single-relatorio.php on line 51
[13-Aug-2024 01:46:59 UTC] PHP Warning:  Attempt to read property "post_title" on string in C:\Users\tyara\Local Sites\uniprime\app\public\wp-content\themes\uniprime\single-relatorio.php on line 51
[13-Aug-2024 01:47:42 UTC] PHP Warning:  Attempt to read property "ID" on string in C:\Users\tyara\Local Sites\uniprime\app\public\wp-content\themes\uniprime\single-relatorio.php on line 51
[13-Aug-2024 01:47:42 UTC] PHP Warning:  Attempt to read property "ID" on string in C:\Users\tyara\Local Sites\uniprime\app\public\wp-content\themes\uniprime\single-relatorio.php on line 51
[13-Aug-2024 01:47:42 UTC] PHP Warning:  Attempt to read property "post_title" on string in C:\Users\tyara\Local Sites\uniprime\app\public\wp-content\themes\uniprime\single-relatorio.php on line 51
[13-Aug-2024 01:47:44 UTC] PHP Warning:  Attempt to read property "ID" on string in C:\Users\tyara\Local Sites\uniprime\app\public\wp-content\themes\uniprime\single-relatorio.php on line 51
[13-Aug-2024 01:47:44 UTC] PHP Warning:  Attempt to read property "ID" on string in C:\Users\tyara\Local Sites\uniprime\app\public\wp-content\themes\uniprime\single-relatorio.php on line 51
[13-Aug-2024 01:47:44 UTC] PHP Warning:  Attempt to read property "post_title" on string in C:\Users\tyara\Local Sites\uniprime\app\public\wp-content\themes\uniprime\single-relatorio.php on line 51
[13-Aug-2024 01:47:46 UTC] PHP Warning:  Attempt to read property "ID" on string in C:\Users\tyara\Local Sites\uniprime\app\public\wp-content\themes\uniprime\single-relatorio.php on line 51
[13-Aug-2024 01:47:46 UTC] PHP Warning:  Attempt to read property "ID" on string in C:\Users\tyara\Local Sites\uniprime\app\public\wp-content\themes\uniprime\single-relatorio.php on line 51
[13-Aug-2024 01:47:46 UTC] PHP Warning:  Attempt to read property "post_title" on string in C:\Users\tyara\Local Sites\uniprime\app\public\wp-content\themes\uniprime\single-relatorio.php on line 51
[13-Aug-2024 01:47:46 UTC] PHP Warning:  Attempt to read property "ID" on string in C:\Users\tyara\Local Sites\uniprime\app\public\wp-content\themes\uniprime\single-relatorio.php on line 51
[13-Aug-2024 01:47:46 UTC] PHP Warning:  Attempt to read property "ID" on string in C:\Users\tyara\Local Sites\uniprime\app\public\wp-content\themes\uniprime\single-relatorio.php on line 51
[13-Aug-2024 01:47:46 UTC] PHP Warning:  Attempt to read property "post_title" on string in C:\Users\tyara\Local Sites\uniprime\app\public\wp-content\themes\uniprime\single-relatorio.php on line 51
[13-Aug-2024 01:48:11 UTC] PHP Warning:  Attempt to read property "ID" on string in C:\Users\tyara\Local Sites\uniprime\app\public\wp-content\themes\uniprime\single-relatorio.php on line 51
[13-Aug-2024 01:48:11 UTC] PHP Warning:  Attempt to read property "ID" on string in C:\Users\tyara\Local Sites\uniprime\app\public\wp-content\themes\uniprime\single-relatorio.php on line 51
[13-Aug-2024 01:48:11 UTC] PHP Warning:  Attempt to read property "post_title" on string in C:\Users\tyara\Local Sites\uniprime\app\public\wp-content\themes\uniprime\single-relatorio.php on line 51
[14-Aug-2024 01:29:22 UTC] PHP Warning:  Attempt to read property "title" on null in C:\Users\tyara\Local Sites\uniprime\app\public\wp-includes\class-wp-customize-widgets.php on line 905
